<?xml version="1.0" encoding="UTF-8"?>
<!-- Generated by org.testng.reporters.JUnitReportReporter -->
<testsuite hostname="LAPTOP-USEMB2OI" failures="0" tests="2" name="testCases.Vacancy_edit" time="18.578" errors="0" timestamp="2023-08-23T13:52:46 IST" skipped="0">
  <testcase classname="testCases.Vacancy_edit" name="tc_025" time="8.842"/>
  <system-out/>
  <testcase classname="testCases.Vacancy_edit" name="tc_024" time="9.736"/>
  <system-out/>
</testsuite> <!-- testCases.Vacancy_edit -->
