<?xml version="1.0" encoding="UTF-8"?>
<!-- Generated by org.testng.reporters.JUnitReportReporter -->
<testsuite hostname="LAPTOP-USEMB2OI" failures="0" tests="5" name="testCases.Vacancy_search" time="45.448" errors="0" timestamp="2023-08-23T13:52:46 IST" skipped="0">
  <testcase classname="testCases.Vacancy_search" name="tc_019" time="9.377"/>
  <system-out/>
  <testcase classname="testCases.Vacancy_search" name="tc_021" time="9.502"/>
  <system-out/>
  <testcase classname="testCases.Vacancy_search" name="tc_020" time="8.733"/>
  <system-out/>
  <testcase classname="testCases.Vacancy_search" name="tc_017" time="8.739"/>
  <system-out/>
  <testcase classname="testCases.Vacancy_search" name="tc_018" time="9.097"/>
  <system-out/>
</testsuite> <!-- testCases.Vacancy_search -->
