<?xml version="1.0" encoding="UTF-8"?>
<!-- Generated by org.testng.reporters.JUnitReportReporter -->
<testsuite hostname="LAPTOP-USEMB2OI" failures="0" tests="1" name="testCases.BaseTest" time="19.520" errors="0" timestamp="2023-08-21T15:24:30 IST" skipped="0">
  <testcase classname="testCases.BaseTest" name="setUp" time="19.520"/>
  <system-out/>
</testsuite> <!-- testCases.BaseTest -->
