<?xml version="1.0" encoding="UTF-8"?>
<!-- Generated by org.testng.reporters.JUnitReportReporter -->
<testsuite hostname="LAPTOP-USEMB2OI" failures="0" tests="10" name="testCases.Candidate_search" time="99.932" errors="0" timestamp="2023-08-23T13:52:46 IST" skipped="0">
  <testcase classname="testCases.Candidate_search" name="tc_001" time="7.079"/>
  <system-out/>
  <testcase classname="testCases.Candidate_search" name="tc_005" time="8.230"/>
  <system-out/>
  <testcase classname="testCases.Candidate_search" name="tc_009" time="8.509"/>
  <system-out/>
  <testcase classname="testCases.Candidate_search" name="tc_002" time="8.288"/>
  <system-out/>
  <testcase classname="testCases.Candidate_search" name="tc_004" time="7.674"/>
  <system-out/>
  <testcase classname="testCases.Candidate_search" name="tc_003" time="7.753"/>
  <system-out/>
  <testcase classname="testCases.Candidate_search" name="tc_006" time="29.091"/>
  <system-out/>
  <testcase classname="testCases.Candidate_search" name="tc_010" time="8.032"/>
  <system-out/>
  <testcase classname="testCases.Candidate_search" name="tc_008" time="7.307"/>
  <system-out/>
  <testcase classname="testCases.Candidate_search" name="tc_007" time="7.969"/>
  <system-out/>
</testsuite> <!-- testCases.Candidate_search -->
