<?xml version="1.0" encoding="UTF-8"?>
<!-- Generated by org.testng.reporters.JUnitReportReporter -->
<testsuite hostname="LAPTOP-USEMB2OI" failures="0" tests="4" name="testCases.Candidate_edit" time="34.212" errors="0" timestamp="2023-08-23T13:52:46 IST" skipped="0">
  <testcase classname="testCases.Candidate_edit" name="tc_015" time="8.019"/>
  <system-out/>
  <testcase classname="testCases.Candidate_edit" name="tc_014" time="10.887"/>
  <system-out/>
  <testcase classname="testCases.Candidate_edit" name="tc_013" time="7.591"/>
  <system-out/>
  <testcase classname="testCases.Candidate_edit" name="tc_016" time="7.715"/>
  <system-out/>
</testsuite> <!-- testCases.Candidate_edit -->
