<?xml version="1.0" encoding="UTF-8"?>
<!-- Generated by org.testng.reporters.JUnitReportReporter -->
<testsuite hostname="LAPTOP-USEMB2OI" failures="0" tests="2" name="testCases.Candidate_add" time="20.794" errors="0" timestamp="2023-08-23T13:52:46 IST" skipped="0">
  <testcase classname="testCases.Candidate_add" name="tc_011" time="9.705"/>
  <system-out/>
  <testcase classname="testCases.Candidate_add" name="tc_012" time="11.089"/>
  <system-out/>
</testsuite> <!-- testCases.Candidate_add -->
